<?xml version="1.0" encoding="UTF-8"?>
<!-- Generated by org.testng.reporters.JUnitReportReporter -->
<testsuite hostname="VNCP-Lap" failures="0" tests="3" name="com.herokuapp.internet.testsuite.LoginPageTest" time="20.193" errors="0" timestamp="2022-12-12T20:01:46 GMT" skipped="0">
  <testcase classname="com.herokuapp.internet.testsuite.LoginPageTest" name="verifyThePasswordErrorMessage" time="9.656"/>
  <system-out>
    <![CDATA[Click to see screenshot
<a target = "_blank" href=C:\Users\Nimisha\com-herokuapp-wk-15-new-nimishapatel/test-output/html/verifyThePasswordErrorMessageMon_Dec_12_20_01_38_GMT_2022.jpg>Screenshot</a>
<br>
Click to see screenshot
<a target = "_blank" href=C:\Users\Nimisha\com-herokuapp-wk-15-new-nimishapatel/test-output/html/verifyThePasswordErrorMessageMon_Dec_12_20_01_38_GMT_2022.jpg>Screenshot</a>
<br>]]>
  </system-out>
  <testcase classname="com.herokuapp.internet.testsuite.LoginPageTest" name="UserShouldLoginSuccessfullyWithValidCredentials" time="5.782"/>
  <system-out>
    <![CDATA[Click to see screenshot
<a target = "_blank" href=C:\Users\Nimisha\com-herokuapp-wk-15-new-nimishapatel/test-output/html/UserShouldLoginSuccessfullyWithValidCredentialsMon_Dec_12_20_01_32_GMT_2022.jpg>Screenshot</a>
<br>
Click to see screenshot
<a target = "_blank" href=C:\Users\Nimisha\com-herokuapp-wk-15-new-nimishapatel/test-output/html/UserShouldLoginSuccessfullyWithValidCredentialsMon_Dec_12_20_01_32_GMT_2022.jpg>Screenshot</a>
<br>]]>
  </system-out>
  <testcase classname="com.herokuapp.internet.testsuite.LoginPageTest" name="verifyTheUsernameErrorMessage" time="4.755"/>
  <system-out>
    <![CDATA[Click to see screenshot
<a target = "_blank" href=C:\Users\Nimisha\com-herokuapp-wk-15-new-nimishapatel/test-output/html/verifyTheUsernameErrorMessageMon_Dec_12_20_01_44_GMT_2022.jpg>Screenshot</a>
<br>
Click to see screenshot
<a target = "_blank" href=C:\Users\Nimisha\com-herokuapp-wk-15-new-nimishapatel/test-output/html/verifyTheUsernameErrorMessageMon_Dec_12_20_01_44_GMT_2022.jpg>Screenshot</a>
<br>]]>
  </system-out>
</testsuite> <!-- com.herokuapp.internet.testsuite.LoginPageTest -->
